<?xml version="1.0" encoding="utf-8"?><testsuites name="pytest tests"><testsuite name="pytest" errors="0" failures="0" skipped="0" tests="22" time="1.609" timestamp="2026-04-21T17:59:49.903923+00:00" hostname="agent-env-4307d617-a7bc-4153-a387-26bcd2035ee3"><testcase classname="backend.tests.backend_test.TestHealth" name="test_root" time="0.241" /><testcase classname="backend.tests.backend_test.TestAuthGuards" name="test_no_token_rejected[/api/user/me-GET]" time="0.063" /><testcase classname="backend.tests.backend_test.TestAuthGuards" name="test_no_token_rejected[/api/user/set-role-POST]" time="0.062" /><testcase classname="backend.tests.backend_test.TestAuthGuards" name="test_no_token_rejected[/api/doctor/register-POST]" time="0.064" /><testcase classname="backend.tests.backend_test.TestAuthGuards" name="test_no_token_rejected[/api/doctor/me-GET]" time="0.062" /><testcase classname="backend.tests.backend_test.TestAuthGuards" name="test_no_token_rejected[/api/appointments/-POST]" time="0.071" /><testcase classname="backend.tests.backend_test.TestAuthGuards" name="test_no_token_rejected[/api/appointments/patient-GET]" time="0.058" /><testcase classname="backend.tests.backend_test.TestAuthGuards" name="test_no_token_rejected[/api/appointments/doctor-GET]" time="0.057" /><testcase classname="backend.tests.backend_test.TestAuthGuards" name="test_no_token_rejected[/api/admin/stats-GET]" time="0.059" /><testcase classname="backend.tests.backend_test.TestAuthGuards" name="test_no_token_rejected[/api/admin/doctors/pending-GET]" time="0.055" /><testcase classname="backend.tests.backend_test.TestAuthGuards" name="test_no_token_rejected[/api/admin/high-risk-GET]" time="0.058" /><testcase classname="backend.tests.backend_test.TestAuthGuards" name="test_no_token_rejected[/api/journal/-POST]" time="0.055" /><testcase classname="backend.tests.backend_test.TestAuthGuards" name="test_no_token_rejected[/api/mood/-POST]" time="0.061" /><testcase classname="backend.tests.backend_test.TestAuthGuards" name="test_no_token_rejected[/api/chat/-POST]" time="0.061" /><testcase classname="backend.tests.backend_test.TestAuthGuards" name="test_no_token_rejected[/api/assessment/-POST]" time="0.056" /><testcase classname="backend.tests.backend_test.TestAuthGuards" name="test_no_token_rejected[/api/analytics/-GET]" time="0.060" /><testcase classname="backend.tests.backend_test.TestAuthGuards" name="test_no_token_rejected[/api/risk/-GET]" time="0.059" /><testcase classname="backend.tests.backend_test.TestAuthGuards" name="test_bad_token_rejected" time="0.058" /><testcase classname="backend.tests.backend_test.TestPublic" name="test_doctor_list_returns_array" time="0.065" /><testcase classname="backend.tests.backend_test.TestPublic" name="test_appointment_slots_unknown_doctor" time="0.064" /><testcase classname="backend.tests.backend_test.TestPublic" name="test_appointment_slots_missing_date" time="0.065" /><testcase classname="backend.tests.backend_test.TestUnknownRoute" name="test_unknown" time="0.066" /></testsuite></testsuites>